<?xml version="1.0" encoding="UTF-8"?>
<testng-results ignored="0" total="1" passed="1" failed="0" skipped="0">
  <reporter-output>
  </reporter-output>
  <suite started-at="2025-02-20T08:51:43 IST" name="Default suite" finished-at="2025-02-20T08:51:48 IST" duration-ms="4968">
    <groups>
    </groups>
    <test started-at="2025-02-20T08:51:43 IST" name="Default test" finished-at="2025-02-20T08:51:48 IST" duration-ms="4968">
      <class name="testscript.TestSample">
        <test-method is-config="true" signature="initializeBrowser()[pri:0, instance:testscript.TestSample@3754a4bf]" started-at="2025-02-20T08:51:44 IST" name="initializeBrowser" finished-at="2025-02-20T08:51:48 IST" duration-ms="4705" status="PASS">
          <reporter-output>
          </reporter-output>
        </test-method> <!-- initializeBrowser -->
        <test-method signature="display()[pri:0, instance:testscript.TestSample@3754a4bf]" started-at="2025-02-20T08:51:48 IST" name="display" finished-at="2025-02-20T08:51:48 IST" duration-ms="12" status="PASS">
          <reporter-output>
          </reporter-output>
        </test-method> <!-- display -->
        <test-method is-config="true" signature="driverQuitAndClose()[pri:0, instance:testscript.TestSample@3754a4bf]" started-at="2025-02-20T08:51:48 IST" name="driverQuitAndClose" finished-at="2025-02-20T08:51:48 IST" duration-ms="198" status="PASS">
          <reporter-output>
          </reporter-output>
        </test-method> <!-- driverQuitAndClose -->
      </class> <!-- testscript.TestSample -->
    </test> <!-- Default test -->
  </suite> <!-- Default suite -->
</testng-results>
