<?xml version="1.0" encoding="UTF-8"?>
<testng-results ignored="0" total="1" passed="1" failed="0" skipped="0">
  <reporter-output>
  </reporter-output>
  <suite started-at="2025-02-26T10:33:53 IST" name="Default suite" finished-at="2025-02-26T10:34:04 IST" duration-ms="10360">
    <groups>
    </groups>
    <test started-at="2025-02-26T10:33:53 IST" name="Default test" finished-at="2025-02-26T10:34:04 IST" duration-ms="10360">
      <class name="testscript.JavascriptExecutorTest">
        <test-method is-config="true" signature="initializeBrowser()[pri:0, instance:testscript.JavascriptExecutorTest@1d296da]" started-at="2025-02-26T10:33:53 IST" name="initializeBrowser" finished-at="2025-02-26T10:34:03 IST" duration-ms="9729" status="PASS">
          <reporter-output>
          </reporter-output>
        </test-method> <!-- initializeBrowser -->
        <test-method signature="testSample()[pri:0, instance:testscript.JavascriptExecutorTest@1d296da]" started-at="2025-02-26T10:34:03 IST" name="testSample" finished-at="2025-02-26T10:34:04 IST" duration-ms="560" status="PASS">
          <reporter-output>
          </reporter-output>
        </test-method> <!-- testSample -->
        <test-method is-config="true" signature="driverQuitAndClose()[pri:0, instance:testscript.JavascriptExecutorTest@1d296da]" started-at="2025-02-26T10:34:04 IST" name="driverQuitAndClose" finished-at="2025-02-26T10:34:04 IST" duration-ms="1" status="PASS">
          <reporter-output>
          </reporter-output>
        </test-method> <!-- driverQuitAndClose -->
      </class> <!-- testscript.JavascriptExecutorTest -->
    </test> <!-- Default test -->
  </suite> <!-- Default suite -->
</testng-results>
