<?xml version="1.0" encoding="UTF-8"?>
<!-- Generated by org.testng.reporters.JUnitXMLReporter -->
<testsuite ignored="1" hostname="robin" failures="0" tests="1" name="Default test" time="10.36" errors="0" timestamp="2025-02-26T10:34:04 IST">
  <testcase classname="testscript.JavascriptExecutorTest" name="testSample" time="0.56"/>
  <testcase classname="testscript.JavascriptExecutorTest" name="javaScriptExecutor" time="0.0">
    <ignored/>
  </testcase> <!-- javaScriptExecutor -->
</testsuite> <!-- Default test -->
